('f', -1)
('int', -1)
('main', -1)
('(', -1)
(')', -1)
('#', -1)
('let', -1)
('int', -1)
('id', (9, 0))
(',', -1)
('id', (10, 0))
(',', -1)
('id', (0, 0))
(';', -1)
('let', -1)
('int', -1)
(';', -1)
('read', -1)
('(', -1)
('id', (9, 0))
(')', -1)
(';', -1)
('read', -1)
('(', -1)
('id', (10, 0))
(')', -1)
(';', -1)
('read', -1)
('(', -1)
('id', (0, 0))
(')', -1)
(';', -1)
('<-', -1)
('id', (9, 0))
(';', -1)
('check', -1)
('(', -1)
('<', -1)
('id', (10, 0))
(')', -1)
('#', -1)
('<-', -1)
('id', (10, 0))
(';', -1)
('#', -1)
('else', -1)
('check', -1)
('(', -1)
('<', -1)
('id', (0, 0))
(')', -1)
('#', -1)
('<-', -1)
('id', (0, 0))
(';', -1)
('#', -1)
('write', -1)
('(', -1)
(')', -1)
(';', -1)
('ret', -1)
('const', (4, 0))
('#', -1)
